# JRE version: Java(TM) SE Runtime Environment (17.0.11+7) (build 17.0.11+7-LTS-207)
# Java VM: Java HotSpot(TM) 64-Bit Server VM (17.0.11+7-LTS-207, mixed mode, sharing, tiered, compressed oops, compressed class ptrs, g1 gc, windows-amd64)
GC Precious Log:
 CPUs: 8 total, 8 available
 Memory: 3863M
 Large Page Support: Disabled
 NUMA Support: Disabled
 Compressed Oops: Enabled (32-bit)
 Heap Region Size: 1M
 Heap Min Capacity: 8M
 Heap Initial Capacity: 62M
 Heap Max Capacity: 966M
 Pre-touch: Disabled
 Parallel Workers: 8
 Concurrent Workers: 2
 Concurrent Refinement Workers: 8
 Periodic GC: Disabled
Heap:
 garbage-first heap   total 76800K, used 49664K [0x00000000c3a00000, 0x0000000100000000)
  region size 1024K, 14 young (14336K), 2 survivors (2048K)
 Metaspace       used 24783K, committed 25088K, reserved 1114112K
  class space    used 2697K, committed 2880K, reserved 1048576K
GC Heap History (16 events):
Event: 1.954 GC heap before
{Heap before GC invocations=0 (full 0):
 garbage-first heap   total 63488K, used 25600K [0x00000000c3a00000, 0x0000000100000000)
  region size 1024K, 23 young (23552K), 0 survivors (0K)
 Metaspace       used 3910K, committed 4032K, reserved 1114112K
  class space    used 472K, committed 512K, reserved 1048576K
}
Event: 1.978 GC heap after
{Heap after GC invocations=1 (full 0):
 garbage-first heap   total 63488K, used 11328K [0x00000000c3a00000, 0x0000000100000000)
  region size 1024K, 3 young (3072K), 3 survivors (3072K)
 Metaspace       used 3910K, committed 4032K, reserved 1114112K
  class space    used 472K, committed 512K, reserved 1048576K
}
Event: 2.972 GC heap before
{Heap before GC invocations=1 (full 0):
 garbage-first heap   total 63488K, used 29760K [0x00000000c3a00000, 0x0000000100000000)
  region size 1024K, 22 young (22528K), 3 survivors (3072K)
 Metaspace       used 8764K, committed 9024K, reserved 1114112K
  class space    used 1038K, committed 1152K, reserved 1048576K
}
Event: 2.984 GC heap after
{Heap after GC invocations=2 (full 0):
 garbage-first heap   total 63488K, used 13972K [0x00000000c3a00000, 0x0000000100000000)
  region size 1024K, 3 young (3072K), 3 survivors (3072K)
 Metaspace       used 8764K, committed 9024K, reserved 1114112K
  class space    used 1038K, committed 1152K, reserved 1048576K
}
Event: 3.704 GC heap before
{Heap before GC invocations=2 (full 0):
 garbage-first heap   total 63488K, used 34452K [0x00000000c3a00000, 0x0000000100000000)
  region size 1024K, 22 young (22528K), 3 survivors (3072K)
 Metaspace       used 10755K, committed 11072K, reserved 1114112K
  class space    used 1255K, committed 1408K, reserved 1048576K
}
Event: 3.716 GC heap after
{Heap after GC invocations=3 (full 0):
 garbage-first heap   total 63488K, used 17080K [0x00000000c3a00000, 0x0000000100000000)
  region size 1024K, 3 young (3072K), 3 survivors (3072K)
 Metaspace       used 10755K, committed 11072K, reserved 1114112K
  class space    used 1255K, committed 1408K, reserved 1048576K
}
Event: 4.150 GC heap before
{Heap before GC invocations=3 (full 0):
 garbage-first heap   total 63488K, used 37560K [0x00000000c3a00000, 0x0000000100000000)
  region size 1024K, 24 young (24576K), 3 survivors (3072K)
 Metaspace       used 10836K, committed 11136K, reserved 1114112K
  class space    used 1255K, committed 1408K, reserved 1048576K
}
Event: 4.165 GC heap after
{Heap after GC invocations=4 (full 0):
 garbage-first heap   total 63488K, used 21504K [0x00000000c3a00000, 0x0000000100000000)
  region size 1024K, 3 young (3072K), 3 survivors (3072K)
 Metaspace       used 10836K, committed 11136K, reserved 1114112K
  class space    used 1255K, committed 1408K, reserved 1048576K
}
Event: 4.341 GC heap before
{Heap before GC invocations=4 (full 0):
 garbage-first heap   total 63488K, used 43008K [0x00000000c3a00000, 0x0000000100000000)
  region size 1024K, 22 young (22528K), 3 survivors (3072K)
 Metaspace       used 10889K, committed 11136K, reserved 1114112K
  class space    used 1255K, committed 1408K, reserved 1048576K
}
Event: 4.355 GC heap after
{Heap after GC invocations=5 (full 0):
 garbage-first heap   total 76800K, used 26289K [0x00000000c3a00000, 0x0000000100000000)
  region size 1024K, 3 young (3072K), 3 survivors (3072K)
 Metaspace       used 10889K, committed 11136K, reserved 1114112K
  class space    used 1255K, committed 1408K, reserved 1048576K
}
Event: 5.120 GC heap before
{Heap before GC invocations=5 (full 0):
 garbage-first heap   total 76800K, used 50865K [0x00000000c3a00000, 0x0000000100000000)
  region size 1024K, 27 young (27648K), 3 survivors (3072K)
 Metaspace       used 11843K, committed 12096K, reserved 1114112K
  class space    used 1383K, committed 1472K, reserved 1048576K
}
Event: 5.154 GC heap after
{Heap after GC invocations=6 (full 0):
 garbage-first heap   total 76800K, used 35668K [0x00000000c3a00000, 0x0000000100000000)
  region size 1024K, 4 young (4096K), 4 survivors (4096K)
 Metaspace       used 11843K, committed 12096K, reserved 1114112K
  class space    used 1383K, committed 1472K, reserved 1048576K
}
Event: 6.117 GC heap before
{Heap before GC invocations=6 (full 0):
 garbage-first heap   total 76800K, used 52052K [0x00000000c3a00000, 0x0000000100000000)
  region size 1024K, 21 young (21504K), 4 survivors (4096K)
 Metaspace       used 17104K, committed 17344K, reserved 1114112K
  class space    used 1901K, committed 1984K, reserved 1048576K
}
Event: 6.134 GC heap after
{Heap after GC invocations=7 (full 0):
 garbage-first heap   total 76800K, used 38141K [0x00000000c3a00000, 0x0000000100000000)
  region size 1024K, 2 young (2048K), 2 survivors (2048K)
 Metaspace       used 17104K, committed 17344K, reserved 1114112K
  class space    used 1901K, committed 1984K, reserved 1048576K
}
Event: 6.736 GC heap before
{Heap before GC invocations=7 (full 0):
 garbage-first heap   total 76800K, used 48381K [0x00000000c3a00000, 0x0000000100000000)
  region size 1024K, 14 young (14336K), 2 survivors (2048K)
 Metaspace       used 21211K, committed 21504K, reserved 1114112K
  class space    used 2222K, committed 2368K, reserved 1048576K
}
Event: 6.743 GC heap after
{Heap after GC invocations=8 (full 0):
 garbage-first heap   total 76800K, used 38400K [0x00000000c3a00000, 0x0000000100000000)
  region size 1024K, 2 young (2048K), 2 survivors (2048K)
 Metaspace       used 21211K, committed 21504K, reserved 1114112K
  class space    used 2222K, committed 2368K, reserved 1048576K
}

