# JRE version: Java(TM) SE Runtime Environment (17.0.11+7) (build 17.0.11+7-LTS-207)
# Java VM: Java HotSpot(TM) 64-Bit Server VM (17.0.11+7-LTS-207, mixed mode, sharing, tiered, compressed oops, compressed class ptrs, g1 gc, windows-amd64)
GC Precious Log:
 CPUs: 8 total, 8 available
 Memory: 3863M
 Large Page Support: Disabled
 NUMA Support: Disabled
 Compressed Oops: Enabled (32-bit)
 Heap Region Size: 1M
 Heap Min Capacity: 8M
 Heap Initial Capacity: 62M
 Heap Max Capacity: 966M
 Pre-touch: Disabled
 Parallel Workers: 8
 Concurrent Workers: 2
 Concurrent Refinement Workers: 8
 Periodic GC: Disabled
Heap:
 garbage-first heap   total 77824K, used 36352K [0x00000000c3a00000, 0x0000000100000000)
  region size 1024K, 4 young (4096K), 3 survivors (3072K)
 Metaspace       used 15436K, committed 15680K, reserved 1114112K
  class space    used 1708K, committed 1856K, reserved 1048576K
GC Heap History (12 events):
Event: 2.021 GC heap before
{Heap before GC invocations=0 (full 0):
 garbage-first heap   total 63488K, used 25600K [0x00000000c3a00000, 0x0000000100000000)
  region size 1024K, 23 young (23552K), 0 survivors (0K)
 Metaspace       used 3827K, committed 3968K, reserved 1114112K
  class space    used 430K, committed 512K, reserved 1048576K
}
Event: 2.043 GC heap after
{Heap after GC invocations=1 (full 0):
 garbage-first heap   total 63488K, used 12352K [0x00000000c3a00000, 0x0000000100000000)
  region size 1024K, 3 young (3072K), 3 survivors (3072K)
 Metaspace       used 3827K, committed 3968K, reserved 1114112K
  class space    used 430K, committed 512K, reserved 1048576K
}
Event: 3.052 GC heap before
{Heap before GC invocations=1 (full 0):
 garbage-first heap   total 63488K, used 30784K [0x00000000c3a00000, 0x0000000100000000)
  region size 1024K, 21 young (21504K), 3 survivors (3072K)
 Metaspace       used 8512K, committed 8704K, reserved 1114112K
  class space    used 1001K, committed 1088K, reserved 1048576K
}
Event: 3.064 GC heap after
{Heap after GC invocations=2 (full 0):
 garbage-first heap   total 63488K, used 13744K [0x00000000c3a00000, 0x0000000100000000)
  region size 1024K, 2 young (2048K), 2 survivors (2048K)
 Metaspace       used 8512K, committed 8704K, reserved 1114112K
  class space    used 1001K, committed 1088K, reserved 1048576K
}
Event: 4.058 GC heap before
{Heap before GC invocations=2 (full 0):
 garbage-first heap   total 63488K, used 34224K [0x00000000c3a00000, 0x0000000100000000)
  region size 1024K, 21 young (21504K), 2 survivors (2048K)
 Metaspace       used 10771K, committed 11008K, reserved 1114112K
  class space    used 1251K, committed 1344K, reserved 1048576K
}
Event: 4.074 GC heap after
{Heap after GC invocations=3 (full 0):
 garbage-first heap   total 63488K, used 16129K [0x00000000c3a00000, 0x0000000100000000)
  region size 1024K, 3 young (3072K), 3 survivors (3072K)
 Metaspace       used 10771K, committed 11008K, reserved 1114112K
  class space    used 1251K, committed 1344K, reserved 1048576K
}
Event: 4.888 GC heap before
{Heap before GC invocations=3 (full 0):
 garbage-first heap   total 63488K, used 36609K [0x00000000c3a00000, 0x0000000100000000)
  region size 1024K, 24 young (24576K), 3 survivors (3072K)
 Metaspace       used 10850K, committed 11072K, reserved 1114112K
  class space    used 1251K, committed 1344K, reserved 1048576K
}
Event: 4.903 GC heap after
{Heap after GC invocations=4 (full 0):
 garbage-first heap   total 63488K, used 20705K [0x00000000c3a00000, 0x0000000100000000)
  region size 1024K, 3 young (3072K), 3 survivors (3072K)
 Metaspace       used 10850K, committed 11072K, reserved 1114112K
  class space    used 1251K, committed 1344K, reserved 1048576K
}
Event: 5.090 GC heap before
{Heap before GC invocations=4 (full 0):
 garbage-first heap   total 63488K, used 42209K [0x00000000c3a00000, 0x0000000100000000)
  region size 1024K, 22 young (22528K), 3 survivors (3072K)
 Metaspace       used 10899K, committed 11072K, reserved 1114112K
  class space    used 1251K, committed 1344K, reserved 1048576K
}
Event: 5.103 GC heap after
{Heap after GC invocations=5 (full 0):
 garbage-first heap   total 63488K, used 25296K [0x00000000c3a00000, 0x0000000100000000)
  region size 1024K, 3 young (3072K), 3 survivors (3072K)
 Metaspace       used 10899K, committed 11072K, reserved 1114112K
  class space    used 1251K, committed 1344K, reserved 1048576K
}
Event: 5.573 GC heap before
{Heap before GC invocations=5 (full 0):
 garbage-first heap   total 63488K, used 42704K [0x00000000c3a00000, 0x0000000100000000)
  region size 1024K, 20 young (20480K), 3 survivors (3072K)
 Metaspace       used 10976K, committed 11200K, reserved 1114112K
  class space    used 1257K, committed 1344K, reserved 1048576K
}
Event: 5.597 GC heap after
{Heap after GC invocations=6 (full 0):
 garbage-first heap   total 77824K, used 32608K [0x00000000c3a00000, 0x0000000100000000)
  region size 1024K, 3 young (3072K), 3 survivors (3072K)
 Metaspace       used 10976K, committed 11200K, reserved 1114112K
  class space    used 1257K, committed 1344K, reserved 1048576K
}

